  Main.cpp
Main.obj : error LNK2019: unresolved external symbol __imp_glewInit referenced in function "bool __cdecl UInitialize(int,char * * const,struct GLFWwindow * *)" (?UInitialize@@YA_NHQEAPEADPEAPEAUGLFWwindow@@@Z)
Main.obj : error LNK2019: unresolved external symbol __imp_glewGetErrorString referenced in function "bool __cdecl UInitialize(int,char * * const,struct GLFWwindow * *)" (?UInitialize@@YA_NHQEAPEADPEAPEAUGLFWwindow@@@Z)
Main.obj : error LNK2019: unresolved external symbol glfwInit referenced in function "bool __cdecl UInitialize(int,char * * const,struct GLFWwindow * *)" (?UInitialize@@YA_NHQEAPEADPEAPEAUGLFWwindow@@@Z)
Main.obj : error LNK2019: unresolved external symbol glfwTerminate referenced in function "bool __cdecl UInitialize(int,char * * const,struct GLFWwindow * *)" (?UInitialize@@YA_NHQEAPEADPEAPEAUGLFWwindow@@@Z)
Main.obj : error LNK2019: unresolved external symbol glfwWindowHint referenced in function "bool __cdecl UInitialize(int,char * * const,struct GLFWwindow * *)" (?UInitialize@@YA_NHQEAPEADPEAPEAUGLFWwindow@@@Z)
Main.obj : error LNK2019: unresolved external symbol glfwCreateWindow referenced in function "bool __cdecl UInitialize(int,char * * const,struct GLFWwindow * *)" (?UInitialize@@YA_NHQEAPEADPEAPEAUGLFWwindow@@@Z)
Main.obj : error LNK2019: unresolved external symbol glfwWindowShouldClose referenced in function main
Main.obj : error LNK2019: unresolved external symbol glfwSetWindowShouldClose referenced in function "void __cdecl UProcessInput(struct GLFWwindow *)" (?UProcessInput@@YAXPEAUGLFWwindow@@@Z)
Main.obj : error LNK2019: unresolved external symbol glfwSetFramebufferSizeCallback referenced in function "bool __cdecl UInitialize(int,char * * const,struct GLFWwindow * *)" (?UInitialize@@YA_NHQEAPEADPEAPEAUGLFWwindow@@@Z)
Main.obj : error LNK2019: unresolved external symbol glfwPollEvents referenced in function main
Main.obj : error LNK2019: unresolved external symbol glfwGetKey referenced in function "void __cdecl UProcessInput(struct GLFWwindow *)" (?UProcessInput@@YAXPEAUGLFWwindow@@@Z)
Main.obj : error LNK2019: unresolved external symbol glfwMakeContextCurrent referenced in function "bool __cdecl UInitialize(int,char * * const,struct GLFWwindow * *)" (?UInitialize@@YA_NHQEAPEADPEAPEAUGLFWwindow@@@Z)
Main.obj : error LNK2019: unresolved external symbol glfwSwapBuffers referenced in function "void __cdecl URender(void)" (?URender@@YAXXZ)
Main.obj : error LNK2019: unresolved external symbol __imp___glewBindBuffer referenced in function "void __cdecl UCreateMesh(struct `anonymous namespace'::GLMesh &)" (?UCreateMesh@@YAXAEAUGLMesh@?A0xb11fd3c5@@@Z)
Main.obj : error LNK2019: unresolved external symbol __imp___glewBufferData referenced in function "void __cdecl UCreateMesh(struct `anonymous namespace'::GLMesh &)" (?UCreateMesh@@YAXAEAUGLMesh@?A0xb11fd3c5@@@Z)
Main.obj : error LNK2019: unresolved external symbol __imp___glewDeleteBuffers referenced in function "void __cdecl UDestroyMesh(struct `anonymous namespace'::GLMesh &)" (?UDestroyMesh@@YAXAEAUGLMesh@?A0xb11fd3c5@@@Z)
Main.obj : error LNK2019: unresolved external symbol __imp___glewGenBuffers referenced in function "void __cdecl UCreateMesh(struct `anonymous namespace'::GLMesh &)" (?UCreateMesh@@YAXAEAUGLMesh@?A0xb11fd3c5@@@Z)
Main.obj : error LNK2019: unresolved external symbol __imp___glewAttachShader referenced in function "bool __cdecl UCreateShaderProgram(char const *,char const *,unsigned int &)" (?UCreateShaderProgram@@YA_NPEBD0AEAI@Z)
Main.obj : error LNK2019: unresolved external symbol __imp___glewCompileShader referenced in function "bool __cdecl UCreateShaderProgram(char const *,char const *,unsigned int &)" (?UCreateShaderProgram@@YA_NPEBD0AEAI@Z)
Main.obj : error LNK2019: unresolved external symbol __imp___glewCreateProgram referenced in function "bool __cdecl UCreateShaderProgram(char const *,char const *,unsigned int &)" (?UCreateShaderProgram@@YA_NPEBD0AEAI@Z)
Main.obj : error LNK2019: unresolved external symbol __imp___glewCreateShader referenced in function "bool __cdecl UCreateShaderProgram(char const *,char const *,unsigned int &)" (?UCreateShaderProgram@@YA_NPEBD0AEAI@Z)
Main.obj : error LNK2019: unresolved external symbol __imp___glewDeleteProgram referenced in function "void __cdecl UDestroyShaderProgram(unsigned int)" (?UDestroyShaderProgram@@YAXI@Z)
Main.obj : error LNK2019: unresolved external symbol __imp___glewEnableVertexAttribArray referenced in function "void __cdecl UCreateMesh(struct `anonymous namespace'::GLMesh &)" (?UCreateMesh@@YAXAEAUGLMesh@?A0xb11fd3c5@@@Z)
Main.obj : error LNK2019: unresolved external symbol __imp___glewGetProgramInfoLog referenced in function "bool __cdecl UCreateShaderProgram(char const *,char const *,unsigned int &)" (?UCreateShaderProgram@@YA_NPEBD0AEAI@Z)
Main.obj : error LNK2019: unresolved external symbol __imp___glewGetProgramiv referenced in function "bool __cdecl UCreateShaderProgram(char const *,char const *,unsigned int &)" (?UCreateShaderProgram@@YA_NPEBD0AEAI@Z)
Main.obj : error LNK2019: unresolved external symbol __imp___glewGetShaderInfoLog referenced in function "bool __cdecl UCreateShaderProgram(char const *,char const *,unsigned int &)" (?UCreateShaderProgram@@YA_NPEBD0AEAI@Z)
Main.obj : error LNK2019: unresolved external symbol __imp___glewGetShaderiv referenced in function "bool __cdecl UCreateShaderProgram(char const *,char const *,unsigned int &)" (?UCreateShaderProgram@@YA_NPEBD0AEAI@Z)
Main.obj : error LNK2019: unresolved external symbol __imp___glewGetUniformLocation referenced in function "void __cdecl URender(void)" (?URender@@YAXXZ)
Main.obj : error LNK2019: unresolved external symbol __imp___glewLinkProgram referenced in function "bool __cdecl UCreateShaderProgram(char const *,char const *,unsigned int &)" (?UCreateShaderProgram@@YA_NPEBD0AEAI@Z)
Main.obj : error LNK2019: unresolved external symbol __imp___glewShaderSource referenced in function "bool __cdecl UCreateShaderProgram(char const *,char const *,unsigned int &)" (?UCreateShaderProgram@@YA_NPEBD0AEAI@Z)
Main.obj : error LNK2019: unresolved external symbol __imp___glewUniformMatrix4fv referenced in function "void __cdecl URender(void)" (?URender@@YAXXZ)
Main.obj : error LNK2019: unresolved external symbol __imp___glewUseProgram referenced in function "bool __cdecl UCreateShaderProgram(char const *,char const *,unsigned int &)" (?UCreateShaderProgram@@YA_NPEBD0AEAI@Z)
Main.obj : error LNK2019: unresolved external symbol __imp___glewVertexAttribPointer referenced in function "void __cdecl UCreateMesh(struct `anonymous namespace'::GLMesh &)" (?UCreateMesh@@YAXAEAUGLMesh@?A0xb11fd3c5@@@Z)
Main.obj : error LNK2019: unresolved external symbol __imp___glewBindVertexArray referenced in function "void __cdecl UCreateMesh(struct `anonymous namespace'::GLMesh &)" (?UCreateMesh@@YAXAEAUGLMesh@?A0xb11fd3c5@@@Z)
Main.obj : error LNK2019: unresolved external symbol __imp___glewDeleteVertexArrays referenced in function "void __cdecl UDestroyMesh(struct `anonymous namespace'::GLMesh &)" (?UDestroyMesh@@YAXAEAUGLMesh@?A0xb11fd3c5@@@Z)
Main.obj : error LNK2019: unresolved external symbol __imp___glewGenVertexArrays referenced in function "void __cdecl UCreateMesh(struct `anonymous namespace'::GLMesh &)" (?UCreateMesh@@YAXAEAUGLMesh@?A0xb11fd3c5@@@Z)
Main.obj : error LNK2019: unresolved external symbol __imp_glewExperimental referenced in function "bool __cdecl UInitialize(int,char * * const,struct GLFWwindow * *)" (?UInitialize@@YA_NHQEAPEADPEAPEAUGLFWwindow@@@Z)
C:\Dev\Extensions\OpenGL\GLFW\lib-vc2022\glfw3.lib : warning LNK4272: library machine type 'x86' conflicts with target machine type 'x64'
C:\Dev\Extensions\OpenGL\GLEW\lib\Release\Win32\glew32.lib : warning LNK4272: library machine type 'x86' conflicts with target machine type 'x64'
C:\Dev\Projects\School Assignments\3dScene\x64\Debug\3dScene.exe : fatal error LNK1120: 37 unresolved externals
